44.0 APEX_CODE,FINEST;APEX_PROFILING,INFO;CALLOUT,INFO;DB,INFO;NBA,INFO;SYSTEM,DEBUG;VALIDATION,INFO;VISUALFORCE,INFO;WAVE,INFO;WORKFLOW,INFO
15:12:58.0 (105466)|USER_INFO|[EXTERNAL]|0055A000009r8Ad|nadia.recarey@modelit.xyz|Hora de Argentina|GMT-03:00
15:12:58.0 (159770)|EXECUTION_STARTED
15:12:58.0 (166221)|CODE_UNIT_STARTED|[EXTERNAL]|Aura
15:12:58.0 (657618)|HEAP_ALLOCATE|[72]|Bytes:3
15:12:58.0 (710897)|HEAP_ALLOCATE|[77]|Bytes:152
15:12:58.0 (728707)|HEAP_ALLOCATE|[342]|Bytes:408
15:12:58.0 (748085)|HEAP_ALLOCATE|[355]|Bytes:408
15:12:58.0 (766660)|HEAP_ALLOCATE|[467]|Bytes:48
15:12:58.0 (797342)|HEAP_ALLOCATE|[139]|Bytes:6
15:12:58.0 (817197)|HEAP_ALLOCATE|[EXTERNAL]|Bytes:18
15:12:58.0 (830272)|HEAP_ALLOCATE|[EXTERNAL]|Bytes:4
15:12:58.0 (1104707)|HEAP_ALLOCATE|[EXTERNAL]|Bytes:8
15:12:58.0 (1116006)|HEAP_ALLOCATE|[EXTERNAL]|Bytes:8
15:12:58.0 (1167910)|HEAP_ALLOCATE|[EXTERNAL]|Bytes:79768
15:12:58.0 (1175619)|HEAP_ALLOCATE|[EXTERNAL]|Bytes:79768
15:12:58.0 (1219559)|HEAP_ALLOCATE|[EXTERNAL]|Bytes:10
15:12:58.0 (1226443)|HEAP_ALLOCATE|[EXTERNAL]|Bytes:10
15:12:58.0 (2270563)|CODE_UNIT_STARTED|[EXTERNAL]|01p5A00000AotWR|PictureController.saveAttachment(Id, String, String, String)
15:12:58.0 (2381691)|HEAP_ALLOCATE|[EXTERNAL]|Bytes:7
15:12:58.0 (2392043)|HEAP_ALLOCATE|[EXTERNAL]|Bytes:2
15:12:58.0 (2407136)|METHOD_ENTRY|[1]|01p5A00000AotWR|PictureController.PictureController()
15:12:58.0 (2416345)|STATEMENT_EXECUTE|[1]
15:12:58.0 (2422233)|STATEMENT_EXECUTE|[1]
15:12:58.0 (2465627)|HEAP_ALLOCATE|[50]|Bytes:5
15:12:58.0 (2492195)|HEAP_ALLOCATE|[56]|Bytes:5
15:12:58.0 (2503226)|HEAP_ALLOCATE|[64]|Bytes:7
15:12:58.0 (2525879)|SYSTEM_MODE_ENTER|false
15:12:58.0 (2540012)|HEAP_ALLOCATE|[EXTERNAL]|Bytes:5
15:12:58.0 (2548440)|SYSTEM_MODE_EXIT|false
15:12:58.0 (2560021)|METHOD_EXIT|[1]|PictureController
15:12:58.0 (2567338)|HEAP_ALLOCATE|[EXTERNAL]|Bytes:4
15:12:58.0 (2572765)|HEAP_ALLOCATE|[EXTERNAL]|Bytes:8
15:12:58.0 (2576846)|HEAP_ALLOCATE|[EXTERNAL]|Bytes:79768
15:12:58.0 (2581253)|HEAP_ALLOCATE|[EXTERNAL]|Bytes:10
15:12:58.0 (2589773)|SYSTEM_MODE_ENTER|false
15:12:58.0 (2601308)|VARIABLE_SCOPE_BEGIN|[12]|parentId|Id|false|false
15:12:58.0 (2895450)|VARIABLE_ASSIGNMENT|[12]|parentId|"a005A00000jvyjrQAA"
15:12:58.0 (2908906)|VARIABLE_SCOPE_BEGIN|[12]|fileName|String|false|false
15:12:58.0 (2924616)|VARIABLE_ASSIGNMENT|[12]|fileName|"foto.jpg"
15:12:58.0 (2931247)|VARIABLE_SCOPE_BEGIN|[12]|base64Data|String|false|false
15:12:58.0 (2946756)|VARIABLE_ASSIGNMENT|[12]|base64Data|"/9j/4AAQSkZJRgABAQEA (79748 more) ..."
15:12:58.0 (2954184)|VARIABLE_SCOPE_BEGIN|[12]|contentType|String|false|false
15:12:58.0 (2965758)|VARIABLE_ASSIGNMENT|[12]|contentType|"image/jpeg"
15:12:58.0 (2983966)|HEAP_ALLOCATE|[14]|Bytes:5
15:12:58.0 (2991273)|STATEMENT_EXECUTE|[12]
15:12:58.0 (2993929)|STATEMENT_EXECUTE|[14]
15:12:58.0 (3064995)|HEAP_ALLOCATE|[14]|Bytes:4
15:12:58.0 (3183305)|VARIABLE_SCOPE_BEGIN|[14]|attachment|Attachment|true|false
15:12:58.0 (3209423)|VARIABLE_ASSIGNMENT|[14]|attachment|{}|0x606a758b
15:12:58.0 (3219198)|STATEMENT_EXECUTE|[15]
15:12:58.0 (3996360)|VARIABLE_ASSIGNMENT|[15]|this.ParentId|"a005A00000jvyjrQAA"|0x606a758b
15:12:58.0 (4008908)|STATEMENT_EXECUTE|[16]
15:12:58.0 (4052516)|HEAP_ALLOCATE|[16]|Bytes:15
15:12:58.0 (4067238)|SYSTEM_METHOD_ENTRY|[1]|EncodingUtil.EncodingUtil()
15:12:58.0 (4073423)|STATEMENT_EXECUTE|[1]
15:12:58.0 (4080711)|SYSTEM_METHOD_EXIT|[1]|EncodingUtil
15:12:58.0 (4099516)|METHOD_ENTRY|[16]||System.EncodingUtil.base64Decode(String)
15:12:58.0 (6299138)|METHOD_EXIT|[16]||System.EncodingUtil.base64Decode(String)
15:12:58.0 (6467617)|VARIABLE_ASSIGNMENT|[16]|this.Body|BLOB(59824 bytes)|0x606a758b
15:12:58.0 (6480447)|STATEMENT_EXECUTE|[17]
15:12:58.0 (6599682)|VARIABLE_ASSIGNMENT|[17]|this.Name|"foto.jpg"|0x606a758b
15:12:58.0 (6610332)|STATEMENT_EXECUTE|[18]
15:12:58.0 (6728218)|VARIABLE_ASSIGNMENT|[18]|this.ContentType|"image/jpeg"|0x606a758b
15:12:58.0 (6738414)|STATEMENT_EXECUTE|[19]
15:12:58.0 (6775537)|HEAP_ALLOCATE|[19]|Bytes:8
15:12:58.0 (6790210)|DML_BEGIN|[19]|Op:Insert|Type:Attachment|Rows:1
15:12:58.0 (6835223)|HEAP_ALLOCATE|[EXTERNAL]|Bytes:8
15:12:58.0 (93112588)|DML_END|[19]
15:12:58.0 (93147848)|STATEMENT_EXECUTE|[20]
15:12:58.0 (93194732)|SYSTEM_MODE_EXIT|false
15:12:58.97 (97949689)|CUMULATIVE_LIMIT_USAGE
15:12:58.97 (97949689)|LIMIT_USAGE_FOR_NS|(default)|
  Number of SOQL queries: 0 out of 100
  Number of query rows: 0 out of 50000
  Number of SOSL queries: 0 out of 20
  Number of DML statements: 1 out of 150
  Number of DML rows: 1 out of 10000
  Maximum CPU time: 0 out of 10000
  Maximum heap size: 0 out of 6000000
  Number of callouts: 0 out of 100
  Number of Email Invocations: 0 out of 10
  Number of future calls: 0 out of 50
  Number of queueable jobs added to the queue: 0 out of 50
  Number of Mobile Apex push calls: 0 out of 10

15:12:58.97 (97949689)|CUMULATIVE_LIMIT_USAGE_END

15:12:58.0 (98001543)|CODE_UNIT_FINISHED|PictureController.saveAttachment(Id, String, String, String)
15:12:58.0 (98095822)|CODE_UNIT_FINISHED|Aura
15:12:58.0 (99175176)|EXECUTION_FINISHED
