44.0 APEX_CODE,FINEST;APEX_PROFILING,INFO;CALLOUT,INFO;DB,INFO;NBA,INFO;SYSTEM,DEBUG;VALIDATION,INFO;VISUALFORCE,INFO;WAVE,INFO;WORKFLOW,INFO
15:18:19.0 (352142)|USER_INFO|[EXTERNAL]|0055A000009r8Ad|nadia.recarey@modelit.xyz|Hora de Argentina|GMT-03:00
15:18:19.0 (391577)|EXECUTION_STARTED
15:18:19.0 (396794)|CODE_UNIT_STARTED|[EXTERNAL]|Aura
15:18:19.0 (1112067)|HEAP_ALLOCATE|[72]|Bytes:3
15:18:19.0 (1176622)|HEAP_ALLOCATE|[77]|Bytes:152
15:18:19.0 (1194760)|HEAP_ALLOCATE|[342]|Bytes:408
15:18:19.0 (1207639)|HEAP_ALLOCATE|[355]|Bytes:408
15:18:19.0 (1233196)|HEAP_ALLOCATE|[467]|Bytes:48
15:18:19.0 (1261951)|HEAP_ALLOCATE|[139]|Bytes:6
15:18:19.0 (1279194)|HEAP_ALLOCATE|[EXTERNAL]|Bytes:18
15:18:19.0 (1290848)|HEAP_ALLOCATE|[EXTERNAL]|Bytes:4
15:18:19.0 (2392827)|CODE_UNIT_STARTED|[EXTERNAL]|01p5A00000AotWR|PictureController.getPicture(Id)
15:18:19.0 (2692300)|HEAP_ALLOCATE|[EXTERNAL]|Bytes:7
15:18:19.0 (2703778)|HEAP_ALLOCATE|[EXTERNAL]|Bytes:2
15:18:19.0 (2718383)|METHOD_ENTRY|[1]|01p5A00000AotWR|PictureController.PictureController()
15:18:19.0 (2725789)|STATEMENT_EXECUTE|[1]
15:18:19.0 (2732222)|STATEMENT_EXECUTE|[1]
15:18:19.0 (2768981)|HEAP_ALLOCATE|[50]|Bytes:5
15:18:19.0 (47838122)|HEAP_ALLOCATE|[56]|Bytes:5
15:18:19.0 (47914259)|HEAP_ALLOCATE|[64]|Bytes:7
15:18:19.0 (47968029)|SYSTEM_MODE_ENTER|false
15:18:19.0 (47991643)|HEAP_ALLOCATE|[EXTERNAL]|Bytes:5
15:18:19.0 (48006556)|SYSTEM_MODE_EXIT|false
15:18:19.0 (48026619)|METHOD_EXIT|[1]|PictureController
15:18:19.0 (48040438)|HEAP_ALLOCATE|[EXTERNAL]|Bytes:4
15:18:19.0 (48052858)|SYSTEM_MODE_ENTER|false
15:18:19.0 (48071776)|VARIABLE_SCOPE_BEGIN|[4]|parentId|Id|false|false
15:18:19.0 (48396897)|VARIABLE_ASSIGNMENT|[4]|parentId|"a005A00000jvyjrQAA"
15:18:19.0 (48420702)|HEAP_ALLOCATE|[6]|Bytes:5
15:18:19.0 (48428539)|STATEMENT_EXECUTE|[4]
15:18:19.0 (48431093)|STATEMENT_EXECUTE|[6]
15:18:19.0 (48435209)|HEAP_ALLOCATE|[6]|Bytes:201
15:18:19.0 (48465871)|HEAP_ALLOCATE|[6]|Bytes:4
15:18:19.0 (48480640)|HEAP_ALLOCATE|[6]|Bytes:7
15:18:19.0 (49678936)|SOQL_EXECUTE_BEGIN|[6]|Aggregations:0|SELECT Id, Name, LastModifiedDate, ContentType FROM Attachment WHERE (parentid = :tmpVar1 AND ContentType IN ('image/png', 'image/jpeg', 'image/gif')) ORDER BY LastModifiedDate DESC NULLS FIRST LIMIT 1
15:18:19.0 (54141642)|SOQL_EXECUTE_END|[6]|Rows:1
15:18:19.0 (54188287)|HEAP_ALLOCATE|[6]|Bytes:8
15:18:19.0 (54215161)|HEAP_ALLOCATE|[6]|Bytes:94
15:18:19.0 (54328942)|HEAP_ALLOCATE|[6]|Bytes:8
15:18:19.0 (54352996)|HEAP_ALLOCATE|[6]|Bytes:36
15:18:19.0 (54417269)|HEAP_ALLOCATE|[6]|Bytes:20
15:18:19.0 (54441005)|SYSTEM_MODE_EXIT|false
15:18:19.54 (54477342)|CUMULATIVE_LIMIT_USAGE
15:18:19.54 (54477342)|LIMIT_USAGE_FOR_NS|(default)|
  Number of SOQL queries: 1 out of 100
  Number of query rows: 1 out of 50000
  Number of SOSL queries: 0 out of 20
  Number of DML statements: 0 out of 150
  Number of DML rows: 0 out of 10000
  Maximum CPU time: 0 out of 10000
  Maximum heap size: 0 out of 6000000
  Number of callouts: 0 out of 100
  Number of Email Invocations: 0 out of 10
  Number of future calls: 0 out of 50
  Number of queueable jobs added to the queue: 0 out of 50
  Number of Mobile Apex push calls: 0 out of 10

15:18:19.54 (54477342)|CUMULATIVE_LIMIT_USAGE_END

15:18:19.0 (54526651)|CODE_UNIT_FINISHED|PictureController.getPicture(Id)
15:18:19.0 (54630108)|CODE_UNIT_FINISHED|Aura
15:18:19.0 (56393303)|EXECUTION_FINISHED
