44.0 APEX_CODE,FINEST;APEX_PROFILING,INFO;CALLOUT,INFO;DB,INFO;NBA,INFO;SYSTEM,DEBUG;VALIDATION,INFO;VISUALFORCE,INFO;WAVE,INFO;WORKFLOW,INFO
15:12:49.0 (99531)|USER_INFO|[EXTERNAL]|0055A000009r8Ad|nadia.recarey@modelit.xyz|Hora de Argentina|GMT-03:00
15:12:49.0 (148977)|EXECUTION_STARTED
15:12:49.0 (156196)|CODE_UNIT_STARTED|[EXTERNAL]|Aura
15:12:49.0 (760479)|HEAP_ALLOCATE|[72]|Bytes:3
15:12:49.0 (831384)|HEAP_ALLOCATE|[77]|Bytes:152
15:12:49.0 (852631)|HEAP_ALLOCATE|[342]|Bytes:408
15:12:49.0 (873227)|HEAP_ALLOCATE|[355]|Bytes:408
15:12:49.0 (892636)|HEAP_ALLOCATE|[467]|Bytes:48
15:12:49.0 (927921)|HEAP_ALLOCATE|[139]|Bytes:6
15:12:49.0 (949019)|HEAP_ALLOCATE|[EXTERNAL]|Bytes:18
15:12:49.0 (961939)|HEAP_ALLOCATE|[EXTERNAL]|Bytes:4
15:12:49.0 (2273312)|CODE_UNIT_STARTED|[EXTERNAL]|01p5A00000AotWR|PictureController.getPicture(Id)
15:12:49.0 (2403681)|HEAP_ALLOCATE|[EXTERNAL]|Bytes:7
15:12:49.0 (2413617)|HEAP_ALLOCATE|[EXTERNAL]|Bytes:2
15:12:49.0 (2428925)|METHOD_ENTRY|[1]|01p5A00000AotWR|PictureController.PictureController()
15:12:49.0 (2437498)|STATEMENT_EXECUTE|[1]
15:12:49.0 (2444618)|STATEMENT_EXECUTE|[1]
15:12:49.0 (2482678)|HEAP_ALLOCATE|[50]|Bytes:5
15:12:49.0 (2517078)|HEAP_ALLOCATE|[56]|Bytes:5
15:12:49.0 (2531802)|HEAP_ALLOCATE|[64]|Bytes:7
15:12:49.0 (2557226)|SYSTEM_MODE_ENTER|false
15:12:49.0 (2577005)|HEAP_ALLOCATE|[EXTERNAL]|Bytes:5
15:12:49.0 (2588218)|SYSTEM_MODE_EXIT|false
15:12:49.0 (2602041)|METHOD_EXIT|[1]|PictureController
15:12:49.0 (2609546)|HEAP_ALLOCATE|[EXTERNAL]|Bytes:4
15:12:49.0 (2619334)|SYSTEM_MODE_ENTER|false
15:12:49.0 (2628903)|VARIABLE_SCOPE_BEGIN|[4]|parentId|Id|false|false
15:12:49.0 (2924275)|VARIABLE_ASSIGNMENT|[4]|parentId|"a005A00000jvyjrQAA"
15:12:49.0 (2947549)|HEAP_ALLOCATE|[6]|Bytes:5
15:12:49.0 (2954974)|STATEMENT_EXECUTE|[4]
15:12:49.0 (2957652)|STATEMENT_EXECUTE|[6]
15:12:49.0 (2961968)|HEAP_ALLOCATE|[6]|Bytes:201
15:12:49.0 (2992107)|HEAP_ALLOCATE|[6]|Bytes:4
15:12:49.0 (3009008)|HEAP_ALLOCATE|[6]|Bytes:7
15:12:49.0 (3906456)|SOQL_EXECUTE_BEGIN|[6]|Aggregations:0|SELECT Id, Name, LastModifiedDate, ContentType FROM Attachment WHERE (parentid = :tmpVar1 AND ContentType IN ('image/png', 'image/jpeg', 'image/gif')) ORDER BY LastModifiedDate DESC NULLS FIRST LIMIT 1
15:12:49.0 (7113657)|SOQL_EXECUTE_END|[6]|Rows:1
15:12:49.0 (7140247)|HEAP_ALLOCATE|[6]|Bytes:8
15:12:49.0 (7157308)|HEAP_ALLOCATE|[6]|Bytes:100
15:12:49.0 (7283283)|HEAP_ALLOCATE|[6]|Bytes:8
15:12:49.0 (7301679)|HEAP_ALLOCATE|[6]|Bytes:36
15:12:49.0 (7357523)|HEAP_ALLOCATE|[6]|Bytes:20
15:12:49.0 (7374683)|SYSTEM_MODE_EXIT|false
15:12:49.7 (7402933)|CUMULATIVE_LIMIT_USAGE
15:12:49.7 (7402933)|LIMIT_USAGE_FOR_NS|(default)|
  Number of SOQL queries: 1 out of 100
  Number of query rows: 1 out of 50000
  Number of SOSL queries: 0 out of 20
  Number of DML statements: 0 out of 150
  Number of DML rows: 0 out of 10000
  Maximum CPU time: 0 out of 10000
  Maximum heap size: 0 out of 6000000
  Number of callouts: 0 out of 100
  Number of Email Invocations: 0 out of 10
  Number of future calls: 0 out of 50
  Number of queueable jobs added to the queue: 0 out of 50
  Number of Mobile Apex push calls: 0 out of 10

15:12:49.7 (7402933)|CUMULATIVE_LIMIT_USAGE_END

15:12:49.0 (7435823)|CODE_UNIT_FINISHED|PictureController.getPicture(Id)
15:12:49.0 (7532129)|CODE_UNIT_FINISHED|Aura
15:12:49.0 (9110512)|EXECUTION_FINISHED
