44.0 APEX_CODE,FINEST;APEX_PROFILING,INFO;CALLOUT,INFO;DB,INFO;NBA,INFO;SYSTEM,DEBUG;VALIDATION,INFO;VISUALFORCE,INFO;WAVE,INFO;WORKFLOW,INFO
15:11:45.0 (85813)|USER_INFO|[EXTERNAL]|0055A000009r8Ad|nadia.recarey@modelit.xyz|Hora de Argentina|GMT-03:00
15:11:45.0 (122635)|EXECUTION_STARTED
15:11:45.0 (127073)|CODE_UNIT_STARTED|[EXTERNAL]|Aura
15:11:45.0 (592684)|HEAP_ALLOCATE|[72]|Bytes:3
15:11:45.0 (633307)|HEAP_ALLOCATE|[77]|Bytes:152
15:11:45.0 (645363)|HEAP_ALLOCATE|[342]|Bytes:408
15:11:45.0 (656524)|HEAP_ALLOCATE|[355]|Bytes:408
15:11:45.0 (667055)|HEAP_ALLOCATE|[467]|Bytes:48
15:11:45.0 (688909)|HEAP_ALLOCATE|[139]|Bytes:6
15:11:45.0 (703267)|HEAP_ALLOCATE|[EXTERNAL]|Bytes:18
15:11:45.0 (713706)|HEAP_ALLOCATE|[EXTERNAL]|Bytes:4
15:11:45.0 (1749810)|CODE_UNIT_STARTED|[EXTERNAL]|01p5A00000AotWR|PictureController.getPicture(Id)
15:11:45.0 (1994274)|HEAP_ALLOCATE|[EXTERNAL]|Bytes:7
15:11:45.0 (2005802)|HEAP_ALLOCATE|[EXTERNAL]|Bytes:2
15:11:45.0 (2021740)|METHOD_ENTRY|[1]|01p5A00000AotWR|PictureController.PictureController()
15:11:45.0 (2031471)|STATEMENT_EXECUTE|[1]
15:11:45.0 (2037557)|STATEMENT_EXECUTE|[1]
15:11:45.0 (2075281)|HEAP_ALLOCATE|[50]|Bytes:5
15:11:45.0 (2105042)|HEAP_ALLOCATE|[56]|Bytes:5
15:11:45.0 (2118406)|HEAP_ALLOCATE|[64]|Bytes:7
15:11:45.0 (2141723)|SYSTEM_MODE_ENTER|false
15:11:45.0 (2169716)|HEAP_ALLOCATE|[EXTERNAL]|Bytes:5
15:11:45.0 (2181074)|SYSTEM_MODE_EXIT|false
15:11:45.0 (2194339)|METHOD_EXIT|[1]|PictureController
15:11:45.0 (2203456)|HEAP_ALLOCATE|[EXTERNAL]|Bytes:4
15:11:45.0 (2214340)|SYSTEM_MODE_ENTER|false
15:11:45.0 (2225992)|VARIABLE_SCOPE_BEGIN|[4]|parentId|Id|false|false
15:11:45.0 (2529922)|VARIABLE_ASSIGNMENT|[4]|parentId|"a005A00000jvyjrQAA"
15:11:45.0 (2555435)|HEAP_ALLOCATE|[6]|Bytes:5
15:11:45.0 (2564062)|STATEMENT_EXECUTE|[4]
15:11:45.0 (2566892)|STATEMENT_EXECUTE|[6]
15:11:45.0 (2570854)|HEAP_ALLOCATE|[6]|Bytes:201
15:11:45.0 (2590964)|HEAP_ALLOCATE|[6]|Bytes:4
15:11:45.0 (2606201)|HEAP_ALLOCATE|[6]|Bytes:7
15:11:45.0 (4143869)|SOQL_EXECUTE_BEGIN|[6]|Aggregations:0|SELECT Id, Name, LastModifiedDate, ContentType FROM Attachment WHERE (parentid = :tmpVar1 AND ContentType IN ('image/png', 'image/jpeg', 'image/gif')) ORDER BY LastModifiedDate DESC NULLS FIRST LIMIT 1
15:11:45.0 (7602458)|SOQL_EXECUTE_END|[6]|Rows:1
15:11:45.0 (7627459)|HEAP_ALLOCATE|[6]|Bytes:8
15:11:45.0 (7643514)|HEAP_ALLOCATE|[6]|Bytes:100
15:11:45.0 (7708833)|HEAP_ALLOCATE|[6]|Bytes:8
15:11:45.0 (7722334)|HEAP_ALLOCATE|[6]|Bytes:36
15:11:45.0 (7751140)|HEAP_ALLOCATE|[6]|Bytes:20
15:11:45.0 (7763172)|SYSTEM_MODE_EXIT|false
15:11:45.7 (7796441)|CUMULATIVE_LIMIT_USAGE
15:11:45.7 (7796441)|LIMIT_USAGE_FOR_NS|(default)|
  Number of SOQL queries: 1 out of 100
  Number of query rows: 1 out of 50000
  Number of SOSL queries: 0 out of 20
  Number of DML statements: 0 out of 150
  Number of DML rows: 0 out of 10000
  Maximum CPU time: 0 out of 10000
  Maximum heap size: 0 out of 6000000
  Number of callouts: 0 out of 100
  Number of Email Invocations: 0 out of 10
  Number of future calls: 0 out of 50
  Number of queueable jobs added to the queue: 0 out of 50
  Number of Mobile Apex push calls: 0 out of 10

15:11:45.7 (7796441)|CUMULATIVE_LIMIT_USAGE_END

15:11:45.0 (7831176)|CODE_UNIT_FINISHED|PictureController.getPicture(Id)
15:11:45.0 (7926488)|CODE_UNIT_FINISHED|Aura
15:11:45.0 (9712390)|EXECUTION_FINISHED
