44.0 APEX_CODE,FINEST;APEX_PROFILING,INFO;CALLOUT,INFO;DB,INFO;NBA,INFO;SYSTEM,DEBUG;VALIDATION,INFO;VISUALFORCE,INFO;WAVE,INFO;WORKFLOW,INFO
15:18:40.0 (98565)|USER_INFO|[EXTERNAL]|0055A000009r8Ad|nadia.recarey@modelit.xyz|Hora de Argentina|GMT-03:00
15:18:40.0 (142139)|EXECUTION_STARTED
15:18:40.0 (147259)|CODE_UNIT_STARTED|[EXTERNAL]|Aura
15:18:40.0 (622508)|HEAP_ALLOCATE|[72]|Bytes:3
15:18:40.0 (675796)|HEAP_ALLOCATE|[77]|Bytes:152
15:18:40.0 (691083)|HEAP_ALLOCATE|[342]|Bytes:408
15:18:40.0 (703024)|HEAP_ALLOCATE|[355]|Bytes:408
15:18:40.0 (714400)|HEAP_ALLOCATE|[467]|Bytes:48
15:18:40.0 (739779)|HEAP_ALLOCATE|[139]|Bytes:6
15:18:40.0 (756423)|HEAP_ALLOCATE|[EXTERNAL]|Bytes:18
15:18:40.0 (768004)|HEAP_ALLOCATE|[EXTERNAL]|Bytes:4
15:18:40.0 (974196)|HEAP_ALLOCATE|[EXTERNAL]|Bytes:17
15:18:40.0 (981485)|HEAP_ALLOCATE|[EXTERNAL]|Bytes:17
15:18:40.0 (1017434)|HEAP_ALLOCATE|[EXTERNAL]|Bytes:1172528
15:18:40.0 (1023319)|HEAP_ALLOCATE|[EXTERNAL]|Bytes:1172528
15:18:40.0 (1052373)|HEAP_ALLOCATE|[EXTERNAL]|Bytes:10
15:18:40.0 (1057291)|HEAP_ALLOCATE|[EXTERNAL]|Bytes:10
15:18:40.0 (2070987)|CODE_UNIT_STARTED|[EXTERNAL]|01p5A00000AotWR|PictureController.saveAttachment(Id, String, String, String)
15:18:40.0 (2176880)|HEAP_ALLOCATE|[EXTERNAL]|Bytes:7
15:18:40.0 (2183432)|HEAP_ALLOCATE|[EXTERNAL]|Bytes:2
15:18:40.0 (2195210)|METHOD_ENTRY|[1]|01p5A00000AotWR|PictureController.PictureController()
15:18:40.0 (2201947)|STATEMENT_EXECUTE|[1]
15:18:40.0 (2208256)|STATEMENT_EXECUTE|[1]
15:18:40.0 (2239616)|HEAP_ALLOCATE|[50]|Bytes:5
15:18:40.0 (2265780)|HEAP_ALLOCATE|[56]|Bytes:5
15:18:40.0 (2274787)|HEAP_ALLOCATE|[64]|Bytes:7
15:18:40.0 (2293917)|SYSTEM_MODE_ENTER|false
15:18:40.0 (2309415)|HEAP_ALLOCATE|[EXTERNAL]|Bytes:5
15:18:40.0 (2317590)|SYSTEM_MODE_EXIT|false
15:18:40.0 (2327400)|METHOD_EXIT|[1]|PictureController
15:18:40.0 (2333740)|HEAP_ALLOCATE|[EXTERNAL]|Bytes:4
15:18:40.0 (2337074)|HEAP_ALLOCATE|[EXTERNAL]|Bytes:17
15:18:40.0 (2339915)|HEAP_ALLOCATE|[EXTERNAL]|Bytes:1172528
15:18:40.0 (2342563)|HEAP_ALLOCATE|[EXTERNAL]|Bytes:10
15:18:40.0 (2349050)|SYSTEM_MODE_ENTER|false
15:18:40.0 (2356553)|VARIABLE_SCOPE_BEGIN|[12]|parentId|Id|false|false
15:18:40.0 (2612965)|VARIABLE_ASSIGNMENT|[12]|parentId|"a005A00000jvyjrQAA"
15:18:40.0 (2622802)|VARIABLE_SCOPE_BEGIN|[12]|fileName|String|false|false
15:18:40.0 (2634118)|VARIABLE_ASSIGNMENT|[12]|fileName|"Chrysanthemum.jpg"
15:18:40.0 (2639320)|VARIABLE_SCOPE_BEGIN|[12]|base64Data|String|false|false
15:18:40.0 (2651548)|VARIABLE_ASSIGNMENT|[12]|base64Data|"/9j/4AAQSkZJRgABAgEA (1172508 more) ..."
15:18:40.0 (2655745)|VARIABLE_SCOPE_BEGIN|[12]|contentType|String|false|false
15:18:40.0 (2662889)|VARIABLE_ASSIGNMENT|[12]|contentType|"image/jpeg"
15:18:40.0 (2679114)|HEAP_ALLOCATE|[14]|Bytes:5
15:18:40.0 (2684766)|STATEMENT_EXECUTE|[12]
15:18:40.0 (2686779)|STATEMENT_EXECUTE|[14]
15:18:40.0 (2757339)|HEAP_ALLOCATE|[14]|Bytes:4
15:18:40.0 (2862662)|VARIABLE_SCOPE_BEGIN|[14]|attachment|Attachment|true|false
15:18:40.0 (2882653)|VARIABLE_ASSIGNMENT|[14]|attachment|{}|0x5ab33064
15:18:40.0 (2888762)|STATEMENT_EXECUTE|[15]
15:18:40.0 (3437983)|VARIABLE_ASSIGNMENT|[15]|this.ParentId|"a005A00000jvyjrQAA"|0x5ab33064
15:18:40.0 (3446393)|STATEMENT_EXECUTE|[16]
15:18:40.0 (3485750)|HEAP_ALLOCATE|[16]|Bytes:15
15:18:40.0 (3498765)|SYSTEM_METHOD_ENTRY|[1]|EncodingUtil.EncodingUtil()
15:18:40.0 (3502823)|STATEMENT_EXECUTE|[1]
15:18:40.0 (3508764)|SYSTEM_METHOD_EXIT|[1]|EncodingUtil
15:18:40.0 (3524697)|METHOD_ENTRY|[16]||System.EncodingUtil.base64Decode(String)
15:18:40.0 (28194121)|METHOD_EXIT|[16]||System.EncodingUtil.base64Decode(String)
15:18:40.0 (28354590)|VARIABLE_ASSIGNMENT|[16]|this.Body|"core.filemanager.FileBlobValue@475e97a8"|0x5ab33064
15:18:40.0 (28365145)|STATEMENT_EXECUTE|[17]
15:18:40.0 (28397990)|VARIABLE_ASSIGNMENT|[17]|this.Name|"Chrysanthemum.jpg"|0x5ab33064
15:18:40.0 (28404809)|STATEMENT_EXECUTE|[18]
15:18:40.0 (28429479)|VARIABLE_ASSIGNMENT|[18]|this.ContentType|"image/jpeg"|0x5ab33064
15:18:40.0 (28435325)|STATEMENT_EXECUTE|[19]
15:18:40.0 (28481877)|HEAP_ALLOCATE|[19]|Bytes:8
15:18:40.0 (28494005)|DML_BEGIN|[19]|Op:Insert|Type:Attachment|Rows:1
15:18:40.0 (28533335)|HEAP_ALLOCATE|[EXTERNAL]|Bytes:8
15:18:40.0 (164414150)|DML_END|[19]
15:18:40.0 (164444485)|STATEMENT_EXECUTE|[20]
15:18:40.0 (164489254)|SYSTEM_MODE_EXIT|false
15:18:40.169 (169663867)|CUMULATIVE_LIMIT_USAGE
15:18:40.169 (169663867)|LIMIT_USAGE_FOR_NS|(default)|
  Number of SOQL queries: 0 out of 100
  Number of query rows: 0 out of 50000
  Number of SOSL queries: 0 out of 20
  Number of DML statements: 1 out of 150
  Number of DML rows: 1 out of 10000
  Maximum CPU time: 0 out of 10000
  Maximum heap size: 0 out of 6000000
  Number of callouts: 0 out of 100
  Number of Email Invocations: 0 out of 10
  Number of future calls: 0 out of 50
  Number of queueable jobs added to the queue: 0 out of 50
  Number of Mobile Apex push calls: 0 out of 10

15:18:40.169 (169663867)|CUMULATIVE_LIMIT_USAGE_END

15:18:40.0 (169707732)|CODE_UNIT_FINISHED|PictureController.saveAttachment(Id, String, String, String)
15:18:40.0 (169782040)|CODE_UNIT_FINISHED|Aura
15:18:40.0 (170886119)|EXECUTION_FINISHED
