44.0 APEX_CODE,FINEST;APEX_PROFILING,INFO;CALLOUT,INFO;DB,INFO;NBA,INFO;SYSTEM,DEBUG;VALIDATION,INFO;VISUALFORCE,INFO;WAVE,INFO;WORKFLOW,INFO
15:13:15.0 (88020)|USER_INFO|[EXTERNAL]|0055A000009r8Ad|nadia.recarey@modelit.xyz|Hora de Argentina|GMT-03:00
15:13:15.0 (144282)|EXECUTION_STARTED
15:13:15.0 (151271)|CODE_UNIT_STARTED|[EXTERNAL]|Aura
15:13:15.0 (767241)|HEAP_ALLOCATE|[72]|Bytes:3
15:13:15.0 (834437)|HEAP_ALLOCATE|[77]|Bytes:152
15:13:15.0 (856314)|HEAP_ALLOCATE|[342]|Bytes:408
15:13:15.0 (871351)|HEAP_ALLOCATE|[355]|Bytes:408
15:13:15.0 (882151)|HEAP_ALLOCATE|[467]|Bytes:48
15:13:15.0 (908809)|HEAP_ALLOCATE|[139]|Bytes:6
15:13:15.0 (925981)|HEAP_ALLOCATE|[EXTERNAL]|Bytes:18
15:13:15.0 (939061)|HEAP_ALLOCATE|[EXTERNAL]|Bytes:4
15:13:15.0 (1986687)|CODE_UNIT_STARTED|[EXTERNAL]|01p5A00000AotWR|PictureController.getPicture(Id)
15:13:15.0 (2109375)|HEAP_ALLOCATE|[EXTERNAL]|Bytes:7
15:13:15.0 (2122160)|HEAP_ALLOCATE|[EXTERNAL]|Bytes:2
15:13:15.0 (2137219)|METHOD_ENTRY|[1]|01p5A00000AotWR|PictureController.PictureController()
15:13:15.0 (2147165)|STATEMENT_EXECUTE|[1]
15:13:15.0 (2153936)|STATEMENT_EXECUTE|[1]
15:13:15.0 (2199401)|HEAP_ALLOCATE|[50]|Bytes:5
15:13:15.0 (2230853)|HEAP_ALLOCATE|[56]|Bytes:5
15:13:15.0 (2244865)|HEAP_ALLOCATE|[64]|Bytes:7
15:13:15.0 (2273662)|SYSTEM_MODE_ENTER|false
15:13:15.0 (2292390)|HEAP_ALLOCATE|[EXTERNAL]|Bytes:5
15:13:15.0 (2304540)|SYSTEM_MODE_EXIT|false
15:13:15.0 (2319083)|METHOD_EXIT|[1]|PictureController
15:13:15.0 (2327190)|HEAP_ALLOCATE|[EXTERNAL]|Bytes:4
15:13:15.0 (2339216)|SYSTEM_MODE_ENTER|false
15:13:15.0 (2348638)|VARIABLE_SCOPE_BEGIN|[4]|parentId|Id|false|false
15:13:15.0 (2673253)|VARIABLE_ASSIGNMENT|[4]|parentId|"a005A00000jvyjrQAA"
15:13:15.0 (2698440)|HEAP_ALLOCATE|[6]|Bytes:5
15:13:15.0 (2706848)|STATEMENT_EXECUTE|[4]
15:13:15.0 (2709216)|STATEMENT_EXECUTE|[6]
15:13:15.0 (2713112)|HEAP_ALLOCATE|[6]|Bytes:201
15:13:15.0 (2734868)|HEAP_ALLOCATE|[6]|Bytes:4
15:13:15.0 (2750823)|HEAP_ALLOCATE|[6]|Bytes:7
15:13:15.0 (3729670)|SOQL_EXECUTE_BEGIN|[6]|Aggregations:0|SELECT Id, Name, LastModifiedDate, ContentType FROM Attachment WHERE (parentid = :tmpVar1 AND ContentType IN ('image/png', 'image/jpeg', 'image/gif')) ORDER BY LastModifiedDate DESC NULLS FIRST LIMIT 1
15:13:15.0 (7057588)|SOQL_EXECUTE_END|[6]|Rows:1
15:13:15.0 (7098191)|HEAP_ALLOCATE|[6]|Bytes:8
15:13:15.0 (7126735)|HEAP_ALLOCATE|[6]|Bytes:94
15:13:15.0 (7314113)|HEAP_ALLOCATE|[6]|Bytes:8
15:13:15.0 (7362378)|HEAP_ALLOCATE|[6]|Bytes:36
15:13:15.0 (7445686)|HEAP_ALLOCATE|[6]|Bytes:20
15:13:15.0 (7467915)|SYSTEM_MODE_EXIT|false
15:13:15.7 (7503382)|CUMULATIVE_LIMIT_USAGE
15:13:15.7 (7503382)|LIMIT_USAGE_FOR_NS|(default)|
  Number of SOQL queries: 1 out of 100
  Number of query rows: 1 out of 50000
  Number of SOSL queries: 0 out of 20
  Number of DML statements: 0 out of 150
  Number of DML rows: 0 out of 10000
  Maximum CPU time: 0 out of 10000
  Maximum heap size: 0 out of 6000000
  Number of callouts: 0 out of 100
  Number of Email Invocations: 0 out of 10
  Number of future calls: 0 out of 50
  Number of queueable jobs added to the queue: 0 out of 50
  Number of Mobile Apex push calls: 0 out of 10

15:13:15.7 (7503382)|CUMULATIVE_LIMIT_USAGE_END

15:13:15.0 (7539975)|CODE_UNIT_FINISHED|PictureController.getPicture(Id)
15:13:15.0 (7640506)|CODE_UNIT_FINISHED|Aura
15:13:15.0 (9406410)|EXECUTION_FINISHED
