44.0 APEX_CODE,FINEST;APEX_PROFILING,INFO;CALLOUT,INFO;DB,INFO;NBA,INFO;SYSTEM,DEBUG;VALIDATION,INFO;VISUALFORCE,INFO;WAVE,INFO;WORKFLOW,INFO
15:12:40.0 (103172)|USER_INFO|[EXTERNAL]|0055A000009r8Ad|nadia.recarey@modelit.xyz|Hora de Argentina|GMT-03:00
15:12:40.0 (149972)|EXECUTION_STARTED
15:12:40.0 (156108)|CODE_UNIT_STARTED|[EXTERNAL]|Aura
15:12:40.0 (746940)|HEAP_ALLOCATE|[72]|Bytes:3
15:12:40.0 (827715)|HEAP_ALLOCATE|[77]|Bytes:152
15:12:40.0 (850894)|HEAP_ALLOCATE|[342]|Bytes:408
15:12:40.0 (871389)|HEAP_ALLOCATE|[355]|Bytes:408
15:12:40.0 (888919)|HEAP_ALLOCATE|[467]|Bytes:48
15:12:40.0 (930113)|HEAP_ALLOCATE|[139]|Bytes:6
15:12:40.0 (955510)|HEAP_ALLOCATE|[EXTERNAL]|Bytes:18
15:12:40.0 (970253)|HEAP_ALLOCATE|[EXTERNAL]|Bytes:4
15:12:40.0 (2440322)|CODE_UNIT_STARTED|[EXTERNAL]|01p5A00000AotWR|PictureController.getPicture(Id)
15:12:40.0 (2610742)|HEAP_ALLOCATE|[EXTERNAL]|Bytes:7
15:12:40.0 (2622279)|HEAP_ALLOCATE|[EXTERNAL]|Bytes:2
15:12:40.0 (2639020)|METHOD_ENTRY|[1]|01p5A00000AotWR|PictureController.PictureController()
15:12:40.0 (2646951)|STATEMENT_EXECUTE|[1]
15:12:40.0 (2654857)|STATEMENT_EXECUTE|[1]
15:12:40.0 (2703440)|HEAP_ALLOCATE|[50]|Bytes:5
15:12:40.0 (2746663)|HEAP_ALLOCATE|[56]|Bytes:5
15:12:40.0 (2760689)|HEAP_ALLOCATE|[64]|Bytes:7
15:12:40.0 (2793767)|SYSTEM_MODE_ENTER|false
15:12:40.0 (2819434)|HEAP_ALLOCATE|[EXTERNAL]|Bytes:5
15:12:40.0 (2831153)|SYSTEM_MODE_EXIT|false
15:12:40.0 (2847179)|METHOD_EXIT|[1]|PictureController
15:12:40.0 (2857694)|HEAP_ALLOCATE|[EXTERNAL]|Bytes:4
15:12:40.0 (2866613)|SYSTEM_MODE_ENTER|false
15:12:40.0 (2874294)|VARIABLE_SCOPE_BEGIN|[4]|parentId|Id|false|false
15:12:40.0 (3104432)|VARIABLE_ASSIGNMENT|[4]|parentId|"a005A00000jvyjrQAA"
15:12:40.0 (3148055)|HEAP_ALLOCATE|[6]|Bytes:5
15:12:40.0 (3156681)|STATEMENT_EXECUTE|[4]
15:12:40.0 (3159403)|STATEMENT_EXECUTE|[6]
15:12:40.0 (3164263)|HEAP_ALLOCATE|[6]|Bytes:201
15:12:40.0 (3198320)|HEAP_ALLOCATE|[6]|Bytes:4
15:12:40.0 (3217323)|HEAP_ALLOCATE|[6]|Bytes:7
15:12:40.0 (4470209)|SOQL_EXECUTE_BEGIN|[6]|Aggregations:0|SELECT Id, Name, LastModifiedDate, ContentType FROM Attachment WHERE (parentid = :tmpVar1 AND ContentType IN ('image/png', 'image/jpeg', 'image/gif')) ORDER BY LastModifiedDate DESC NULLS FIRST LIMIT 1
15:12:40.0 (8217857)|SOQL_EXECUTE_END|[6]|Rows:1
15:12:40.0 (8260207)|HEAP_ALLOCATE|[6]|Bytes:8
15:12:40.0 (8286039)|HEAP_ALLOCATE|[6]|Bytes:100
15:12:40.0 (8423441)|HEAP_ALLOCATE|[6]|Bytes:8
15:12:40.0 (8440947)|HEAP_ALLOCATE|[6]|Bytes:36
15:12:40.0 (8496983)|HEAP_ALLOCATE|[6]|Bytes:20
15:12:40.0 (8517203)|SYSTEM_MODE_EXIT|false
15:12:40.8 (8571487)|CUMULATIVE_LIMIT_USAGE
15:12:40.8 (8571487)|LIMIT_USAGE_FOR_NS|(default)|
  Number of SOQL queries: 1 out of 100
  Number of query rows: 1 out of 50000
  Number of SOSL queries: 0 out of 20
  Number of DML statements: 0 out of 150
  Number of DML rows: 0 out of 10000
  Maximum CPU time: 0 out of 10000
  Maximum heap size: 0 out of 6000000
  Number of callouts: 0 out of 100
  Number of Email Invocations: 0 out of 10
  Number of future calls: 0 out of 50
  Number of queueable jobs added to the queue: 0 out of 50
  Number of Mobile Apex push calls: 0 out of 10

15:12:40.8 (8571487)|CUMULATIVE_LIMIT_USAGE_END

15:12:40.0 (8617977)|CODE_UNIT_FINISHED|PictureController.getPicture(Id)
15:12:40.0 (8723714)|CODE_UNIT_FINISHED|Aura
15:12:40.0 (10544291)|EXECUTION_FINISHED
