44.0 APEX_CODE,FINEST;APEX_PROFILING,INFO;CALLOUT,INFO;DB,INFO;NBA,INFO;SYSTEM,DEBUG;VALIDATION,INFO;VISUALFORCE,INFO;WAVE,INFO;WORKFLOW,INFO
15:18:45.0 (85495)|USER_INFO|[EXTERNAL]|0055A000009r8Ad|nadia.recarey@modelit.xyz|Hora de Argentina|GMT-03:00
15:18:45.0 (125410)|EXECUTION_STARTED
15:18:45.0 (130314)|CODE_UNIT_STARTED|[EXTERNAL]|Aura
15:18:45.0 (618315)|HEAP_ALLOCATE|[72]|Bytes:3
15:18:45.0 (665889)|HEAP_ALLOCATE|[77]|Bytes:152
15:18:45.0 (679671)|HEAP_ALLOCATE|[342]|Bytes:408
15:18:45.0 (692159)|HEAP_ALLOCATE|[355]|Bytes:408
15:18:45.0 (702417)|HEAP_ALLOCATE|[467]|Bytes:48
15:18:45.0 (725042)|HEAP_ALLOCATE|[139]|Bytes:6
15:18:45.0 (742562)|HEAP_ALLOCATE|[EXTERNAL]|Bytes:18
15:18:45.0 (753296)|HEAP_ALLOCATE|[EXTERNAL]|Bytes:4
15:18:45.0 (1703996)|CODE_UNIT_STARTED|[EXTERNAL]|01p5A00000AotWR|PictureController.getPicture(Id)
15:18:45.0 (1801284)|HEAP_ALLOCATE|[EXTERNAL]|Bytes:7
15:18:45.0 (1808505)|HEAP_ALLOCATE|[EXTERNAL]|Bytes:2
15:18:45.0 (1819860)|METHOD_ENTRY|[1]|01p5A00000AotWR|PictureController.PictureController()
15:18:45.0 (1826848)|STATEMENT_EXECUTE|[1]
15:18:45.0 (1831863)|STATEMENT_EXECUTE|[1]
15:18:45.0 (1862088)|HEAP_ALLOCATE|[50]|Bytes:5
15:18:45.0 (1887154)|HEAP_ALLOCATE|[56]|Bytes:5
15:18:45.0 (1895753)|HEAP_ALLOCATE|[64]|Bytes:7
15:18:45.0 (1913849)|SYSTEM_MODE_ENTER|false
15:18:45.0 (1927598)|HEAP_ALLOCATE|[EXTERNAL]|Bytes:5
15:18:45.0 (1935239)|SYSTEM_MODE_EXIT|false
15:18:45.0 (1944936)|METHOD_EXIT|[1]|PictureController
15:18:45.0 (1951212)|HEAP_ALLOCATE|[EXTERNAL]|Bytes:4
15:18:45.0 (1957602)|SYSTEM_MODE_ENTER|false
15:18:45.0 (1964506)|VARIABLE_SCOPE_BEGIN|[4]|parentId|Id|false|false
15:18:45.0 (2173804)|VARIABLE_ASSIGNMENT|[4]|parentId|"a005A00000jvyjrQAA"
15:18:45.0 (2193656)|HEAP_ALLOCATE|[6]|Bytes:5
15:18:45.0 (2199745)|STATEMENT_EXECUTE|[4]
15:18:45.0 (2201953)|STATEMENT_EXECUTE|[6]
15:18:45.0 (2205504)|HEAP_ALLOCATE|[6]|Bytes:201
15:18:45.0 (2224627)|HEAP_ALLOCATE|[6]|Bytes:4
15:18:45.0 (2235366)|HEAP_ALLOCATE|[6]|Bytes:7
15:18:45.0 (3013715)|SOQL_EXECUTE_BEGIN|[6]|Aggregations:0|SELECT Id, Name, LastModifiedDate, ContentType FROM Attachment WHERE (parentid = :tmpVar1 AND ContentType IN ('image/png', 'image/jpeg', 'image/gif')) ORDER BY LastModifiedDate DESC NULLS FIRST LIMIT 1
15:18:45.0 (7185852)|SOQL_EXECUTE_END|[6]|Rows:1
15:18:45.0 (7209032)|HEAP_ALLOCATE|[6]|Bytes:8
15:18:45.0 (7226235)|HEAP_ALLOCATE|[6]|Bytes:103
15:18:45.0 (7310543)|HEAP_ALLOCATE|[6]|Bytes:8
15:18:45.0 (7323563)|HEAP_ALLOCATE|[6]|Bytes:36
15:18:45.0 (7362965)|HEAP_ALLOCATE|[6]|Bytes:20
15:18:45.0 (7374501)|SYSTEM_MODE_EXIT|false
15:18:45.7 (7401700)|CUMULATIVE_LIMIT_USAGE
15:18:45.7 (7401700)|LIMIT_USAGE_FOR_NS|(default)|
  Number of SOQL queries: 1 out of 100
  Number of query rows: 1 out of 50000
  Number of SOSL queries: 0 out of 20
  Number of DML statements: 0 out of 150
  Number of DML rows: 0 out of 10000
  Maximum CPU time: 0 out of 10000
  Maximum heap size: 0 out of 6000000
  Number of callouts: 0 out of 100
  Number of Email Invocations: 0 out of 10
  Number of future calls: 0 out of 50
  Number of queueable jobs added to the queue: 0 out of 50
  Number of Mobile Apex push calls: 0 out of 10

15:18:45.7 (7401700)|CUMULATIVE_LIMIT_USAGE_END

15:18:45.0 (7435404)|CODE_UNIT_FINISHED|PictureController.getPicture(Id)
15:18:45.0 (7522208)|CODE_UNIT_FINISHED|Aura
15:18:45.0 (9178053)|EXECUTION_FINISHED
