44.0 APEX_CODE,FINEST;APEX_PROFILING,INFO;CALLOUT,INFO;DB,INFO;NBA,INFO;SYSTEM,DEBUG;VALIDATION,INFO;VISUALFORCE,INFO;WAVE,INFO;WORKFLOW,INFO
15:13:48.0 (85435)|USER_INFO|[EXTERNAL]|0055A000009r8Ad|nadia.recarey@modelit.xyz|Hora de Argentina|GMT-03:00
15:13:48.0 (126322)|EXECUTION_STARTED
15:13:48.0 (131263)|CODE_UNIT_STARTED|[EXTERNAL]|Aura
15:13:48.0 (598032)|HEAP_ALLOCATE|[72]|Bytes:3
15:13:48.0 (640942)|HEAP_ALLOCATE|[77]|Bytes:152
15:13:48.0 (654846)|HEAP_ALLOCATE|[342]|Bytes:408
15:13:48.0 (667373)|HEAP_ALLOCATE|[355]|Bytes:408
15:13:48.0 (678275)|HEAP_ALLOCATE|[467]|Bytes:48
15:13:48.0 (702411)|HEAP_ALLOCATE|[139]|Bytes:6
15:13:48.0 (716489)|HEAP_ALLOCATE|[EXTERNAL]|Bytes:18
15:13:48.0 (726225)|HEAP_ALLOCATE|[EXTERNAL]|Bytes:4
15:13:48.0 (1932947)|CODE_UNIT_STARTED|[EXTERNAL]|01p5A00000AotWR|PictureController.getPicture(Id)
15:13:48.0 (2023519)|HEAP_ALLOCATE|[EXTERNAL]|Bytes:7
15:13:48.0 (2031185)|HEAP_ALLOCATE|[EXTERNAL]|Bytes:2
15:13:48.0 (2042935)|METHOD_ENTRY|[1]|01p5A00000AotWR|PictureController.PictureController()
15:13:48.0 (2050610)|STATEMENT_EXECUTE|[1]
15:13:48.0 (2055800)|STATEMENT_EXECUTE|[1]
15:13:48.0 (2082153)|HEAP_ALLOCATE|[50]|Bytes:5
15:13:48.0 (2102473)|HEAP_ALLOCATE|[56]|Bytes:5
15:13:48.0 (2110394)|HEAP_ALLOCATE|[64]|Bytes:7
15:13:48.0 (2129232)|SYSTEM_MODE_ENTER|false
15:13:48.0 (2140539)|HEAP_ALLOCATE|[EXTERNAL]|Bytes:5
15:13:48.0 (2146600)|SYSTEM_MODE_EXIT|false
15:13:48.0 (2155274)|METHOD_EXIT|[1]|PictureController
15:13:48.0 (2160953)|HEAP_ALLOCATE|[EXTERNAL]|Bytes:4
15:13:48.0 (2168245)|SYSTEM_MODE_ENTER|false
15:13:48.0 (2176093)|VARIABLE_SCOPE_BEGIN|[4]|parentId|Id|false|false
15:13:48.0 (2429497)|VARIABLE_ASSIGNMENT|[4]|parentId|"a005A00000jvyjrQAA"
15:13:48.0 (2448853)|HEAP_ALLOCATE|[6]|Bytes:5
15:13:48.0 (2454480)|STATEMENT_EXECUTE|[4]
15:13:48.0 (2456466)|STATEMENT_EXECUTE|[6]
15:13:48.0 (2459703)|HEAP_ALLOCATE|[6]|Bytes:201
15:13:48.0 (2477417)|HEAP_ALLOCATE|[6]|Bytes:4
15:13:48.0 (2488991)|HEAP_ALLOCATE|[6]|Bytes:7
15:13:48.0 (3355883)|SOQL_EXECUTE_BEGIN|[6]|Aggregations:0|SELECT Id, Name, LastModifiedDate, ContentType FROM Attachment WHERE (parentid = :tmpVar1 AND ContentType IN ('image/png', 'image/jpeg', 'image/gif')) ORDER BY LastModifiedDate DESC NULLS FIRST LIMIT 1
15:13:48.0 (6485437)|SOQL_EXECUTE_END|[6]|Rows:1
15:13:48.0 (6510246)|HEAP_ALLOCATE|[6]|Bytes:8
15:13:48.0 (6528491)|HEAP_ALLOCATE|[6]|Bytes:94
15:13:48.0 (6618169)|HEAP_ALLOCATE|[6]|Bytes:8
15:13:48.0 (6632786)|HEAP_ALLOCATE|[6]|Bytes:36
15:13:48.0 (6674050)|HEAP_ALLOCATE|[6]|Bytes:20
15:13:48.0 (6687901)|SYSTEM_MODE_EXIT|false
15:13:48.6 (6710912)|CUMULATIVE_LIMIT_USAGE
15:13:48.6 (6710912)|LIMIT_USAGE_FOR_NS|(default)|
  Number of SOQL queries: 1 out of 100
  Number of query rows: 1 out of 50000
  Number of SOSL queries: 0 out of 20
  Number of DML statements: 0 out of 150
  Number of DML rows: 0 out of 10000
  Maximum CPU time: 0 out of 10000
  Maximum heap size: 0 out of 6000000
  Number of callouts: 0 out of 100
  Number of Email Invocations: 0 out of 10
  Number of future calls: 0 out of 50
  Number of queueable jobs added to the queue: 0 out of 50
  Number of Mobile Apex push calls: 0 out of 10

15:13:48.6 (6710912)|CUMULATIVE_LIMIT_USAGE_END

15:13:48.0 (6748211)|CODE_UNIT_FINISHED|PictureController.getPicture(Id)
15:13:48.0 (6838668)|CODE_UNIT_FINISHED|Aura
15:13:48.0 (8144952)|EXECUTION_FINISHED
