44.0 APEX_CODE,FINEST;APEX_PROFILING,INFO;CALLOUT,INFO;DB,INFO;NBA,INFO;SYSTEM,DEBUG;VALIDATION,INFO;VISUALFORCE,INFO;WAVE,INFO;WORKFLOW,INFO
15:12:53.0 (126378)|USER_INFO|[EXTERNAL]|0055A000009r8Ad|nadia.recarey@modelit.xyz|Hora de Argentina|GMT-03:00
15:12:53.0 (179516)|EXECUTION_STARTED
15:12:53.0 (184224)|CODE_UNIT_STARTED|[EXTERNAL]|Aura
15:12:53.0 (1930434)|HEAP_ALLOCATE|[72]|Bytes:3
15:12:53.0 (1996870)|HEAP_ALLOCATE|[77]|Bytes:152
15:12:53.0 (2016623)|HEAP_ALLOCATE|[342]|Bytes:408
15:12:53.0 (2037365)|HEAP_ALLOCATE|[355]|Bytes:408
15:12:53.0 (2054580)|HEAP_ALLOCATE|[467]|Bytes:48
15:12:53.0 (2103885)|HEAP_ALLOCATE|[139]|Bytes:6
15:12:53.0 (2127840)|HEAP_ALLOCATE|[EXTERNAL]|Bytes:18
15:12:53.0 (2142558)|HEAP_ALLOCATE|[EXTERNAL]|Bytes:4
15:12:53.0 (3224314)|CODE_UNIT_STARTED|[EXTERNAL]|01p5A00000AotWR|PictureController.deletePicture(Id)
15:12:53.0 (3433244)|HEAP_ALLOCATE|[EXTERNAL]|Bytes:7
15:12:53.0 (3448904)|HEAP_ALLOCATE|[EXTERNAL]|Bytes:2
15:12:53.0 (3466425)|METHOD_ENTRY|[1]|01p5A00000AotWR|PictureController.PictureController()
15:12:53.0 (3476237)|STATEMENT_EXECUTE|[1]
15:12:53.0 (3483258)|STATEMENT_EXECUTE|[1]
15:12:53.0 (3517953)|HEAP_ALLOCATE|[50]|Bytes:5
15:12:53.0 (3549703)|HEAP_ALLOCATE|[56]|Bytes:5
15:12:53.0 (3563084)|HEAP_ALLOCATE|[64]|Bytes:7
15:12:53.0 (3591820)|SYSTEM_MODE_ENTER|false
15:12:53.0 (3620859)|HEAP_ALLOCATE|[EXTERNAL]|Bytes:5
15:12:53.0 (3631280)|SYSTEM_MODE_EXIT|false
15:12:53.0 (3644552)|METHOD_EXIT|[1]|PictureController
15:12:53.0 (3654145)|HEAP_ALLOCATE|[EXTERNAL]|Bytes:4
15:12:53.0 (3665194)|SYSTEM_MODE_ENTER|false
15:12:53.0 (3677411)|VARIABLE_SCOPE_BEGIN|[24]|parentId|Id|false|false
15:12:53.0 (4258699)|VARIABLE_ASSIGNMENT|[24]|parentId|"a005A00000jvyjrQAA"
15:12:53.0 (4282944)|HEAP_ALLOCATE|[25]|Bytes:5
15:12:53.0 (4291377)|STATEMENT_EXECUTE|[24]
15:12:53.0 (4293916)|STATEMENT_EXECUTE|[25]
15:12:53.0 (4301423)|VARIABLE_SCOPE_BEGIN|[25]|ret|Boolean|false|false
15:12:53.0 (4328799)|HEAP_ALLOCATE|[25]|Bytes:5
15:12:53.0 (4345108)|VARIABLE_ASSIGNMENT|[25]|ret|false
15:12:53.0 (4351673)|STATEMENT_EXECUTE|[26]
15:12:53.0 (4353903)|STATEMENT_EXECUTE|[26]
15:12:53.0 (4356062)|STATEMENT_EXECUTE|[27]
15:12:53.0 (4362180)|HEAP_ALLOCATE|[27]|Bytes:121
15:12:53.0 (4384753)|HEAP_ALLOCATE|[27]|Bytes:4
15:12:53.0 (4400040)|HEAP_ALLOCATE|[27]|Bytes:7
15:12:53.0 (5588741)|SOQL_EXECUTE_BEGIN|[27]|Aggregations:0|SELECT Id FROM Attachment WHERE (parentid = :tmpVar1 AND ContentType IN ('image/png', 'image/jpeg', 'image/gif')) LIMIT 1
15:12:53.0 (9639314)|SOQL_EXECUTE_END|[27]|Rows:1
15:12:53.0 (9671208)|HEAP_ALLOCATE|[27]|Bytes:8
15:12:53.0 (9685210)|HEAP_ALLOCATE|[27]|Bytes:29
15:12:53.0 (9788912)|HEAP_ALLOCATE|[27]|Bytes:8
15:12:53.0 (9806403)|HEAP_ALLOCATE|[27]|Bytes:36
15:12:53.0 (9847910)|HEAP_ALLOCATE|[27]|Bytes:8
15:12:53.0 (9857515)|VARIABLE_SCOPE_BEGIN|[27]|a|Attachment|true|false
15:12:53.0 (9883635)|VARIABLE_ASSIGNMENT|[27]|a|{"Id":"00P5A00000xyid7UAA"}|0x347ae2bb
15:12:53.0 (9893919)|STATEMENT_EXECUTE|[29]
15:12:53.0 (9930976)|HEAP_ALLOCATE|[29]|Bytes:8
15:12:53.0 (9938849)|HEAP_ALLOCATE|[29]|Bytes:8
15:12:53.0 (9948505)|DML_BEGIN|[29]|Op:Delete|Type:Attachment|Rows:1
15:12:53.0 (9977430)|HEAP_ALLOCATE|[EXTERNAL]|Bytes:8
15:12:53.0 (39826194)|DML_END|[29]
15:12:53.0 (39853343)|STATEMENT_EXECUTE|[33]
15:12:53.0 (39865075)|HEAP_ALLOCATE|[33]|Bytes:5
15:12:53.0 (39878553)|HEAP_ALLOCATE|[33]|Bytes:5
15:12:53.0 (39888119)|SYSTEM_MODE_EXIT|false
15:12:53.47 (47263049)|CUMULATIVE_LIMIT_USAGE
15:12:53.47 (47263049)|LIMIT_USAGE_FOR_NS|(default)|
  Number of SOQL queries: 1 out of 100
  Number of query rows: 1 out of 50000
  Number of SOSL queries: 0 out of 20
  Number of DML statements: 1 out of 150
  Number of DML rows: 1 out of 10000
  Maximum CPU time: 0 out of 10000
  Maximum heap size: 0 out of 6000000
  Number of callouts: 0 out of 100
  Number of Email Invocations: 0 out of 10
  Number of future calls: 0 out of 50
  Number of queueable jobs added to the queue: 0 out of 50
  Number of Mobile Apex push calls: 0 out of 10

15:12:53.47 (47263049)|CUMULATIVE_LIMIT_USAGE_END

15:12:53.0 (47335221)|CODE_UNIT_FINISHED|PictureController.deletePicture(Id)
15:12:53.0 (47414613)|CODE_UNIT_FINISHED|Aura
15:12:53.0 (48924491)|EXECUTION_FINISHED
