44.0 APEX_CODE,FINEST;APEX_PROFILING,INFO;CALLOUT,INFO;DB,INFO;NBA,INFO;SYSTEM,DEBUG;VALIDATION,INFO;VISUALFORCE,INFO;WAVE,INFO;WORKFLOW,INFO
15:13:04.0 (87544)|USER_INFO|[EXTERNAL]|0055A000009r8Ad|nadia.recarey@modelit.xyz|Hora de Argentina|GMT-03:00
15:13:04.0 (128490)|EXECUTION_STARTED
15:13:04.0 (133870)|CODE_UNIT_STARTED|[EXTERNAL]|Aura
15:13:04.0 (641169)|HEAP_ALLOCATE|[72]|Bytes:3
15:13:04.0 (693483)|HEAP_ALLOCATE|[77]|Bytes:152
15:13:04.0 (707976)|HEAP_ALLOCATE|[342]|Bytes:408
15:13:04.0 (720456)|HEAP_ALLOCATE|[355]|Bytes:408
15:13:04.0 (731297)|HEAP_ALLOCATE|[467]|Bytes:48
15:13:04.0 (757162)|HEAP_ALLOCATE|[139]|Bytes:6
15:13:04.0 (773770)|HEAP_ALLOCATE|[EXTERNAL]|Bytes:18
15:13:04.0 (784233)|HEAP_ALLOCATE|[EXTERNAL]|Bytes:4
15:13:04.0 (1861032)|CODE_UNIT_STARTED|[EXTERNAL]|01p5A00000AotWR|PictureController.getPicture(Id)
15:13:04.0 (1959813)|HEAP_ALLOCATE|[EXTERNAL]|Bytes:7
15:13:04.0 (1966392)|HEAP_ALLOCATE|[EXTERNAL]|Bytes:2
15:13:04.0 (1977647)|METHOD_ENTRY|[1]|01p5A00000AotWR|PictureController.PictureController()
15:13:04.0 (1984804)|STATEMENT_EXECUTE|[1]
15:13:04.0 (1990362)|STATEMENT_EXECUTE|[1]
15:13:04.0 (2018553)|HEAP_ALLOCATE|[50]|Bytes:5
15:13:04.0 (2043519)|HEAP_ALLOCATE|[56]|Bytes:5
15:13:04.0 (2051382)|HEAP_ALLOCATE|[64]|Bytes:7
15:13:04.0 (2069198)|SYSTEM_MODE_ENTER|false
15:13:04.0 (2082543)|HEAP_ALLOCATE|[EXTERNAL]|Bytes:5
15:13:04.0 (2090756)|SYSTEM_MODE_EXIT|false
15:13:04.0 (2099729)|METHOD_EXIT|[1]|PictureController
15:13:04.0 (2120671)|HEAP_ALLOCATE|[EXTERNAL]|Bytes:4
15:13:04.0 (2128802)|SYSTEM_MODE_ENTER|false
15:13:04.0 (2136250)|VARIABLE_SCOPE_BEGIN|[4]|parentId|Id|false|false
15:13:04.0 (2382555)|VARIABLE_ASSIGNMENT|[4]|parentId|"a005A00000jvyjrQAA"
15:13:04.0 (2403087)|HEAP_ALLOCATE|[6]|Bytes:5
15:13:04.0 (2408486)|STATEMENT_EXECUTE|[4]
15:13:04.0 (2410448)|STATEMENT_EXECUTE|[6]
15:13:04.0 (2413472)|HEAP_ALLOCATE|[6]|Bytes:201
15:13:04.0 (2438882)|HEAP_ALLOCATE|[6]|Bytes:4
15:13:04.0 (2454763)|HEAP_ALLOCATE|[6]|Bytes:7
15:13:04.0 (3365835)|SOQL_EXECUTE_BEGIN|[6]|Aggregations:0|SELECT Id, Name, LastModifiedDate, ContentType FROM Attachment WHERE (parentid = :tmpVar1 AND ContentType IN ('image/png', 'image/jpeg', 'image/gif')) ORDER BY LastModifiedDate DESC NULLS FIRST LIMIT 1
15:13:04.0 (6807370)|SOQL_EXECUTE_END|[6]|Rows:1
15:13:04.0 (6839989)|HEAP_ALLOCATE|[6]|Bytes:8
15:13:04.0 (6858827)|HEAP_ALLOCATE|[6]|Bytes:94
15:13:04.0 (6970215)|HEAP_ALLOCATE|[6]|Bytes:8
15:13:04.0 (6988635)|HEAP_ALLOCATE|[6]|Bytes:36
15:13:04.0 (7061144)|HEAP_ALLOCATE|[6]|Bytes:20
15:13:04.0 (7078420)|SYSTEM_MODE_EXIT|false
15:13:04.7 (7115290)|CUMULATIVE_LIMIT_USAGE
15:13:04.7 (7115290)|LIMIT_USAGE_FOR_NS|(default)|
  Number of SOQL queries: 1 out of 100
  Number of query rows: 1 out of 50000
  Number of SOSL queries: 0 out of 20
  Number of DML statements: 0 out of 150
  Number of DML rows: 0 out of 10000
  Maximum CPU time: 0 out of 10000
  Maximum heap size: 0 out of 6000000
  Number of callouts: 0 out of 100
  Number of Email Invocations: 0 out of 10
  Number of future calls: 0 out of 50
  Number of queueable jobs added to the queue: 0 out of 50
  Number of Mobile Apex push calls: 0 out of 10

15:13:04.7 (7115290)|CUMULATIVE_LIMIT_USAGE_END

15:13:04.0 (7155418)|CODE_UNIT_FINISHED|PictureController.getPicture(Id)
15:13:04.0 (7267665)|CODE_UNIT_FINISHED|Aura
15:13:04.0 (8706631)|EXECUTION_FINISHED
